#
# There is insufficient memory for the Java Runtime Environment to continue.
# Native memory allocation (malloc) failed to allocate 32744 bytes for ChunkPool::allocate
# Possible reasons:
#   The system is out of physical RAM or swap space
#   In 32 bit mode, the process size limit was hit
# Possible solutions:
#   Reduce memory load on the system
#   Increase physical memory or swap space
#   Check if swap backing store is full
#   Use 64 bit Java on a 64 bit OS
#   Decrease Java heap size (-Xmx/-Xms)
#   Decrease number of Java threads
#   Decrease Java thread stack sizes (-Xss)
#   Set larger code cache with -XX:ReservedCodeCacheSize=
# This output file may be truncated or incomplete.
#
#  Out of Memory Error (allocation.cpp:273), pid=7228, tid=0x000000000000264c
#
# JRE version: Java(TM) SE Runtime Environment (8.0_111-b14) (build 1.8.0_111-b14)
# Java VM: Java HotSpot(TM) 64-Bit Server VM (25.111-b14 mixed mode windows-amd64 compressed oops)
# Failed to write core dump. Minidumps are not enabled by default on client versions of Windows
#

---------------  T H R E A D  ---------------

Current thread (0x00000000171a6000):  JavaThread "C2 CompilerThread1" daemon [_thread_in_native, id=9804, stack(0x00000000188f0000,0x00000000189f0000)]

Stack: [0x00000000188f0000,0x00000000189f0000]
[error occurred during error reporting (printing stack bounds), id 0xc0000005]

Native frames: (J=compiled Java code, j=interpreted, Vv=VM code, C=native code)


Current CompileTask:
C2:    509  246  s!   4       sun.misc.URLClassPath::getLoader (197 bytes)


---------------  P R O C E S S  ---------------

Java Threads: ( => current thread )
  0x0000000018b18800 JavaThread "Service Thread" daemon [_thread_blocked, id=2764, stack(0x0000000018ef0000,0x0000000018ff0000)]
  0x00000000171b3000 JavaThread "C1 CompilerThread2" daemon [_thread_blocked, id=9144, stack(0x00000000189f0000,0x0000000018af0000)]
=>0x00000000171a6000 JavaThread "C2 CompilerThread1" daemon [_thread_in_native, id=9804, stack(0x00000000188f0000,0x00000000189f0000)]
  0x00000000171a2800 JavaThread "C2 CompilerThread0" daemon [_thread_blocked, id=2196, stack(0x00000000187f0000,0x00000000188f0000)]
  0x000000001719e800 JavaThread "Attach Listener" daemon [_thread_blocked, id=10580, stack(0x00000000186f0000,0x00000000187f0000)]
  0x000000001719d800 JavaThread "Signal Dispatcher" daemon [_thread_blocked, id=12936, stack(0x00000000185f0000,0x00000000186f0000)]
  0x0000000017189800 JavaThread "Finalizer" daemon [_thread_blocked, id=6212, stack(0x00000000183f0000,0x00000000184f0000)]
  0x0000000002643000 JavaThread "Reference Handler" daemon [_thread_blocked, id=12096, stack(0x00000000182f0000,0x00000000183f0000)]
  0x0000000002553800 JavaThread "main" [_thread_in_vm, id=32, stack(0x0000000002370000,0x0000000002470000)]

Other Threads:
  0x0000000017166800 VMThread [stack: 0x00000000181f0000,0x00000000182f0000] [id=10884]
  0x0000000018b53800 WatcherThread [stack: 0x0000000018ff0000,0x00000000190f0000] [id=13756]

VM state:not at safepoint (normal execution)

VM Mutex/Monitor currently owned by a thread: None

Heap:
 PSYoungGen      total 3584K, used 1193K [0x00000000d5d80000, 0x00000000d6180000, 0x0000000100000000)
  eden space 3072K, 22% used [0x00000000d5d80000,0x00000000d5e2ab90,0x00000000d6080000)
  from space 512K, 99% used [0x00000000d6100000,0x00000000d617fc20,0x00000000d6180000)
  to   space 512K, 0% used [0x00000000d6080000,0x00000000d6080000,0x00000000d6100000)
 ParOldGen       total 5632K, used 647K [0x0000000081800000, 0x0000000081d80000, 0x00000000d5d80000)
  object space 5632K, 11% used [0x0000000081800000,0x00000000818a1ed8,0x0000000081d80000)
 Metaspace       used 5392K, capacity 6484K, committed 6656K, reserved 1056768K
  class space    used 680K, capacity 720K, committed 768K, reserved 1048576K

Card table byte_map: [0x0000000011a10000,0x0000000011e10000] byte_map_base: 0x0000000011604000

Marking Bits: (ParMarkBitMap*) 0x0000000060dea6c0
 Begin Bits: [0x00000000124c0000, 0x0000000014460000)
 End Bits:   [0x0000000014460000, 0x0000000016400000)

Polling page: 0x0000000000610000

CodeCache: size=245760Kb used=1596Kb max_used=1596Kb free=244163Kb
 bounds [0x0000000002650000, 0x00000000028c0000, 0x0000000011650000]
 total_blobs=509 nmethods=249 adapters=173
 compilation: enabled

Compilation events (10 events):
Event: 0.476 Thread 0x00000000171b3000 nmethod 242 0x00000000027d1bd0 code [0x00000000027d1d40, 0x00000000027d1ec8]
Event: 0.483 Thread 0x00000000171a2800  244       4       java.lang.String::equals (81 bytes)
Event: 0.488 Thread 0x00000000171b3000  245       3       java.net.URLStreamHandler::toExternalForm (219 bytes)
Event: 0.488 Thread 0x00000000171a2800 nmethod 244 0x00000000027db490 code [0x00000000027db5e0, 0x00000000027db838]
Event: 0.491 Thread 0x00000000171b3000 nmethod 245 0x00000000027db990 code [0x00000000027dbce0, 0x00000000027df288]
Event: 0.492 Thread 0x00000000171a6000  246  s!   4       sun.misc.URLClassPath::getLoader (197 bytes)
Event: 0.493 Thread 0x00000000171b3000  247       3       java.lang.Throwable::<init> (39 bytes)
Event: 0.493 Thread 0x00000000171b3000 nmethod 247 0x00000000027d1350 code [0x00000000027d14e0, 0x00000000027d1a88]
Event: 0.493 Thread 0x00000000171b3000  248       3       java.util.zip.ZipEntry::setExtra0 (360 bytes)
Event: 0.495 Thread 0x00000000171b3000 nmethod 248 0x00000000027d9ed0 code [0x00000000027da180, 0x00000000027dae88]

GC Heap History (8 events):
Event: 0.204 GC heap before
{Heap before GC invocations=1 (full 0):
 PSYoungGen      total 2048K, used 1536K [0x00000000d5d80000, 0x00000000d6000000, 0x0000000100000000)
  eden space 1536K, 100% used [0x00000000d5d80000,0x00000000d5f00000,0x00000000d5f00000)
  from space 512K, 0% used [0x00000000d5f80000,0x00000000d5f80000,0x00000000d6000000)
  to   space 512K, 0% used [0x00000000d5f00000,0x00000000d5f00000,0x00000000d5f80000)
 ParOldGen       total 5632K, used 0K [0x0000000081800000, 0x0000000081d80000, 0x00000000d5d80000)
  object space 5632K, 0% used [0x0000000081800000,0x0000000081800000,0x0000000081d80000)
 Metaspace       used 3473K, capacity 4812K, committed 5120K, reserved 1056768K
  class space    used 405K, capacity 456K, committed 512K, reserved 1048576K
Event: 0.206 GC heap after
Heap after GC invocations=1 (full 0):
 PSYoungGen      total 2048K, used 496K [0x00000000d5d80000, 0x00000000d6000000, 0x0000000100000000)
  eden space 1536K, 0% used [0x00000000d5d80000,0x00000000d5d80000,0x00000000d5f00000)
  from space 512K, 96% used [0x00000000d5f00000,0x00000000d5f7c010,0x00000000d5f80000)
  to   space 512K, 0% used [0x00000000d5f80000,0x00000000d5f80000,0x00000000d6000000)
 ParOldGen       total 5632K, used 48K [0x0000000081800000, 0x0000000081d80000, 0x00000000d5d80000)
  object space 5632K, 0% used [0x0000000081800000,0x000000008180c000,0x0000000081d80000)
 Metaspace       used 3473K, capacity 4812K, committed 5120K, reserved 1056768K
  class space    used 405K, capacity 456K, committed 512K, reserved 1048576K
}
Event: 0.265 GC heap before
{Heap before GC invocations=2 (full 0):
 PSYoungGen      total 2048K, used 2032K [0x00000000d5d80000, 0x00000000d6000000, 0x0000000100000000)
  eden space 1536K, 100% used [0x00000000d5d80000,0x00000000d5f00000,0x00000000d5f00000)
  from space 512K, 96% used [0x00000000d5f00000,0x00000000d5f7c010,0x00000000d5f80000)
  to   space 512K, 0% used [0x00000000d5f80000,0x00000000d5f80000,0x00000000d6000000)
 ParOldGen       total 5632K, used 48K [0x0000000081800000, 0x0000000081d80000, 0x00000000d5d80000)
  object space 5632K, 0% used [0x0000000081800000,0x000000008180c000,0x0000000081d80000)
 Metaspace       used 4206K, capacity 5392K, committed 5760K, reserved 1056768K
  class space    used 505K, capacity 524K, committed 640K, reserved 1048576K
Event: 0.268 GC heap after
Heap after GC invocations=2 (full 0):
 PSYoungGen      total 2048K, used 496K [0x00000000d5d80000, 0x00000000d6180000, 0x0000000100000000)
  eden space 1536K, 0% used [0x00000000d5d80000,0x00000000d5d80000,0x00000000d5f00000)
  from space 512K, 96% used [0x00000000d5f80000,0x00000000d5ffc010,0x00000000d6000000)
  to   space 512K, 0% used [0x00000000d5f00000,0x00000000d5f00000,0x00000000d5f80000)
 ParOldGen       total 5632K, used 128K [0x0000000081800000, 0x0000000081d80000, 0x00000000d5d80000)
  object space 5632K, 2% used [0x0000000081800000,0x0000000081820000,0x0000000081d80000)
 Metaspace       used 4206K, capacity 5392K, committed 5760K, reserved 1056768K
  class space    used 505K, capacity 524K, committed 640K, reserved 1048576K
}
Event: 0.399 GC heap before
{Heap before GC invocations=3 (full 0):
 PSYoungGen      total 2048K, used 2032K [0x00000000d5d80000, 0x00000000d6180000, 0x0000000100000000)
  eden space 1536K, 100% used [0x00000000d5d80000,0x00000000d5f00000,0x00000000d5f00000)
  from space 512K, 96% used [0x00000000d5f80000,0x00000000d5ffc010,0x00000000d6000000)
  to   space 512K, 0% used [0x00000000d5f00000,0x00000000d5f00000,0x00000000d5f80000)
 ParOldGen       total 5632K, used 128K [0x0000000081800000, 0x0000000081d80000, 0x00000000d5d80000)
  object space 5632K, 2% used [0x0000000081800000,0x0000000081820000,0x0000000081d80000)
 Metaspace       used 4703K, capacity 5876K, committed 6016K, reserved 1056768K
  class space    used 584K, capacity 624K, committed 640K, reserved 1048576K
Event: 0.403 GC heap after
Heap after GC invocations=3 (full 0):
 PSYoungGen      total 2048K, used 480K [0x00000000d5d80000, 0x00000000d6180000, 0x0000000100000000)
  eden space 1536K, 0% used [0x00000000d5d80000,0x00000000d5d80000,0x00000000d5f00000)
  from space 512K, 93% used [0x00000000d5f00000,0x00000000d5f78010,0x00000000d5f80000)
  to   space 512K, 0% used [0x00000000d6100000,0x00000000d6100000,0x00000000d6180000)
 ParOldGen       total 5632K, used 546K [0x0000000081800000, 0x0000000081d80000, 0x00000000d5d80000)
  object space 5632K, 9% used [0x0000000081800000,0x0000000081888bf0,0x0000000081d80000)
 Metaspace       used 4703K, capacity 5876K, committed 6016K, reserved 1056768K
  class space    used 584K, capacity 624K, committed 640K, reserved 1048576K
}
Event: 0.472 GC heap before
{Heap before GC invocations=4 (full 0):
 PSYoungGen      total 2048K, used 1915K [0x00000000d5d80000, 0x00000000d6180000, 0x0000000100000000)
  eden space 1536K, 93% used [0x00000000d5d80000,0x00000000d5ee6e20,0x00000000d5f00000)
  from space 512K, 93% used [0x00000000d5f00000,0x00000000d5f78010,0x00000000d5f80000)
  to   space 512K, 0% used [0x00000000d6100000,0x00000000d6100000,0x00000000d6180000)
 ParOldGen       total 5632K, used 546K [0x0000000081800000, 0x0000000081d80000, 0x00000000d5d80000)
  object space 5632K, 9% used [0x0000000081800000,0x0000000081888bf0,0x0000000081d80000)
 Metaspace       used 5162K, capacity 6324K, committed 6656K, reserved 1056768K
  class space    used 640K, capacity 688K, committed 768K, reserved 1048576K
Event: 0.473 GC heap after
Heap after GC invocations=4 (full 0):
 PSYoungGen      total 3584K, used 511K [0x00000000d5d80000, 0x00000000d6180000, 0x0000000100000000)
  eden space 3072K, 0% used [0x00000000d5d80000,0x00000000d5d80000,0x00000000d6080000)
  from space 512K, 99% used [0x00000000d6100000,0x00000000d617fc20,0x00000000d6180000)
  to   space 512K, 0% used [0x00000000d6080000,0x00000000d6080000,0x00000000d6100000)
 ParOldGen       total 5632K, used 647K [0x0000000081800000, 0x0000000081d80000, 0x00000000d5d80000)
  object space 5632K, 11% used [0x0000000081800000,0x00000000818a1ed8,0x0000000081d80000)
 Metaspace       used 5162K, capacity 6324K, committed 6656K, reserved 1056768K
  class space    used 640K, capacity 688K, committed 768K, reserved 1048576K
}

Deoptimization events (0 events):
No events

Internal exceptions (8 events):
Event: 0.046 Thread 0x0000000002553800 Exception <a 'java/lang/NoSuchMethodError': Method sun.misc.Unsafe.defineClass(Ljava/lang/String;[BII)Ljava/lang/Class; name or signature does not match> (0x00000000d5d87cd8) thrown at [C:\re\workspace\8-2-build-windows-amd64-cygwin\jdk8u111\7883\hotspot\
Event: 0.046 Thread 0x0000000002553800 Exception <a 'java/lang/NoSuchMethodError': Method sun.misc.Unsafe.prefetchRead(Ljava/lang/Object;J)V name or signature does not match> (0x00000000d5d87fc0) thrown at [C:\re\workspace\8-2-build-windows-amd64-cygwin\jdk8u111\7883\hotspot\src\share\vm\prims
Event: 0.203 Thread 0x0000000002553800 Exception <a 'java/security/PrivilegedActionException'> (0x00000000d5efb2f8) thrown at [C:\re\workspace\8-2-build-windows-amd64-cygwin\jdk8u111\7883\hotspot\src\share\vm\prims\jvm.cpp, line 1386]
Event: 0.203 Thread 0x0000000002553800 Exception <a 'java/security/PrivilegedActionException'> (0x00000000d5efb6f0) thrown at [C:\re\workspace\8-2-build-windows-amd64-cygwin\jdk8u111\7883\hotspot\src\share\vm\prims\jvm.cpp, line 1386]
Event: 0.204 Thread 0x0000000002553800 Exception <a 'java/security/PrivilegedActionException'> (0x00000000d5eff7c0) thrown at [C:\re\workspace\8-2-build-windows-amd64-cygwin\jdk8u111\7883\hotspot\src\share\vm\prims\jvm.cpp, line 1386]
Event: 0.204 Thread 0x0000000002553800 Exception <a 'java/security/PrivilegedActionException'> (0x00000000d5effbb8) thrown at [C:\re\workspace\8-2-build-windows-amd64-cygwin\jdk8u111\7883\hotspot\src\share\vm\prims\jvm.cpp, line 1386]
Event: 0.212 Thread 0x0000000002553800 Exception <a 'java/security/PrivilegedActionException'> (0x00000000d5db4e88) thrown at [C:\re\workspace\8-2-build-windows-amd64-cygwin\jdk8u111\7883\hotspot\src\share\vm\prims\jvm.cpp, line 1386]
Event: 0.212 Thread 0x0000000002553800 Exception <a 'java/security/PrivilegedActionException'> (0x00000000d5db5280) thrown at [C:\re\workspace\8-2-build-windows-amd64-cygwin\jdk8u111\7883\hotspot\src\share\vm\prims\jvm.cpp, line 1386]

Events (10 events):
Event: 0.492 loading class com/sun/tools/javac/tree/JCTree$JCAssign
Event: 0.492 loading class com/sun/tools/javac/tree/JCTree$JCAssign done
Event: 0.492 loading class com/sun/source/tree/AssignmentTree
Event: 0.492 loading class com/sun/source/tree/AssignmentTree done
Event: 0.493 loading class com/sun/tools/javac/tree/JCTree$JCAssignOp
Event: 0.493 loading class com/sun/tools/javac/tree/JCTree$JCAssignOp done
Event: 0.493 loading class com/sun/source/tree/CompoundAssignmentTree
Event: 0.493 loading class com/sun/source/tree/CompoundAssignmentTree done
Event: 0.493 loading class com/sun/tools/javac/tree/JCTree$JCConditional
Event: 0.493 loading class com/sun/tools/javac/tree/JCTree$JCConditional done


Dynamic libraries:
0x00007ff667fa0000 - 0x00007ff667fa7000 	C:\Program Files\Java\jdk1.8.0_111\bin\javac.exe
0x00007ffe3fe50000 - 0x00007ffe40048000 	C:\WINDOWS\SYSTEM32\ntdll.dll
0x00007ffe3ee00000 - 0x00007ffe3eebf000 	C:\WINDOWS\System32\KERNEL32.DLL
0x00007ffe3db80000 - 0x00007ffe3de76000 	C:\WINDOWS\System32\KERNELBASE.dll
0x00000000600a0000 - 0x00000000600cf000 	C:\Program Files\Java\jdk1.8.0_111\bin\jli.dll
0x000000005ffc0000 - 0x0000000060092000 	C:\Program Files\Java\jdk1.8.0_111\bin\MSVCR100.dll
0x00007ffe3e310000 - 0x00007ffe3e3bf000 	C:\WINDOWS\System32\ADVAPI32.dll
0x00007ffe3e0e0000 - 0x00007ffe3e17e000 	C:\WINDOWS\System32\msvcrt.dll
0x00007ffe3f610000 - 0x00007ffe3f6ac000 	C:\WINDOWS\System32\sechost.dll
0x00007ffe3fcc0000 - 0x00007ffe3fde6000 	C:\WINDOWS\System32\RPCRT4.dll
0x00007ffe3e4d0000 - 0x00007ffe3e66d000 	C:\WINDOWS\System32\USER32.dll
0x00007ffe3d8f0000 - 0x00007ffe3d912000 	C:\WINDOWS\System32\win32u.dll
0x00007ffe3e830000 - 0x00007ffe3e85c000 	C:\WINDOWS\System32\GDI32.dll
0x00007ffe3d760000 - 0x00007ffe3d875000 	C:\WINDOWS\System32\gdi32full.dll
0x00007ffe3d610000 - 0x00007ffe3d6ad000 	C:\WINDOWS\System32\msvcp_win.dll
0x00007ffe3da80000 - 0x00007ffe3db80000 	C:\WINDOWS\System32\ucrtbase.dll
0x00007ffe1eab0000 - 0x00007ffe1ed4a000 	C:\WINDOWS\WinSxS\amd64_microsoft.windows.common-controls_6595b64144ccf1df_6.0.19041.1110_none_60b5254171f9507e\COMCTL32.dll
0x00007ffe3e2e0000 - 0x00007ffe3e310000 	C:\WINDOWS\System32\IMM32.DLL
0x00000000604f0000 - 0x00000000605c2000 	C:\Program Files\Java\jdk1.8.0_111\jre\bin\msvcr100.dll
0x00000000605d0000 - 0x0000000060e6a000 	C:\Program Files\Java\jdk1.8.0_111\jre\bin\server\jvm.dll
0x00007ffe3e870000 - 0x00007ffe3e878000 	C:\WINDOWS\System32\PSAPI.DLL
0x00007ffe304c0000 - 0x00007ffe304c9000 	C:\WINDOWS\SYSTEM32\WSOCK32.dll
0x00007ffe33960000 - 0x00007ffe3396a000 	C:\WINDOWS\SYSTEM32\VERSION.dll
0x00007ffe19420000 - 0x00007ffe19447000 	C:\WINDOWS\SYSTEM32\WINMM.dll
0x00007ffe3f7e0000 - 0x00007ffe3f84b000 	C:\WINDOWS\System32\WS2_32.dll
0x00000000604a0000 - 0x00000000604af000 	C:\Program Files\Java\jdk1.8.0_111\jre\bin\verify.dll
0x0000000060470000 - 0x0000000060499000 	C:\Program Files\Java\jdk1.8.0_111\jre\bin\java.dll
0x0000000060450000 - 0x0000000060466000 	C:\Program Files\Java\jdk1.8.0_111\jre\bin\zip.dll
0x00007ffe3eec0000 - 0x00007ffe3f604000 	C:\WINDOWS\System32\SHELL32.dll
0x00007ffe38530000 - 0x00007ffe38cc3000 	C:\WINDOWS\SYSTEM32\windows.storage.dll
0x00007ffe3eaa0000 - 0x00007ffe3edf4000 	C:\WINDOWS\System32\combase.dll
0x00007ffe3cea0000 - 0x00007ffe3cece000 	C:\WINDOWS\SYSTEM32\Wldp.dll
0x00007ffe3e3c0000 - 0x00007ffe3e46d000 	C:\WINDOWS\System32\SHCORE.dll
0x00007ffe3e8e0000 - 0x00007ffe3e935000 	C:\WINDOWS\System32\shlwapi.dll
0x00007ffe3d460000 - 0x00007ffe3d485000 	C:\WINDOWS\SYSTEM32\profapi.dll

VM Arguments:
jvm_args: -Dapplication.home=C:\Program Files\Java\jdk1.8.0_111 -Xms8m 
java_command: com.sun.tools.javac.Main -d C:\Users\Pronet\Desktop\InventorySystem\build\classes -classpath C:\Users\Pronet\Desktop\InventorySystem\build\classes;C:\Users\Pronet\Desktop\InventorySystem\lib\jcalendar-1.4.jar;C:\Users\Pronet\Desktop\InventorySystem\lib\commons-beanutils-1.9.4.jar;C:\Users\Pronet\Desktop\InventorySystem\lib\commons-collections4-4.4.jar;C:\Users\Pronet\Desktop\InventorySystem\lib\commons-digester-2.1.jar;C:\Users\Pronet\Desktop\InventorySystem\lib\commons-logging-1.2.jar;C:\Users\Pronet\Desktop\InventorySystem\lib\jasperreports-6.19.1.jar;C:\Users\Pronet\Desktop\InventorySystem\lib\jasperreports-annotation-processors-6.19.1.jar;C:\Users\Pronet\Desktop\InventorySystem\lib\jasperreports-annotation-processors-6.20.5.jar;C:\Users\Pronet\Desktop\InventorySystem\lib\jasperreports-castor-6.19.1.jar;C:\Users\Pronet\Desktop\InventorySystem\lib\jasperreports-chart-customizers-6.19.1.jar;C:\Users\Pronet\Desktop\InventorySystem\lib\jasperreports-chart-themes-6.19.1.jar;C:\Users\Pronet\Desktop\InventorySystem\lib\jasperreports-custom-visualization-6.19.1.jar;C:\Users\Pronet\Desktop\InventorySystem\lib\jasperreports-fonts-6.19.1.jar;C:\Users\Pronet\Desktop\InventorySystem\lib\jasperreports-functions-6.19.1.jar;C:\Users\Pronet\Desktop\InventorySystem\lib\jasperreports-javaflow-6.19.1.jar;C:\Users\Pronet\Desktop\InventorySystem\lib\jasperreports-javaflow-6.19.1_1.jar;C:\Users\Pronet\Desktop\InventorySystem\lib\jasperreports-metadata-6.19.1.jar;C:\Users\Pronet\Desktop\InventorySystem\lib\mysql-connector-java-8.0.30.jar;C:\Users\Pronet\Desktop\InventorySystem\lib\spring-beans-5.3.20.jar;C:\Users\Pronet\Desktop\InventorySystem\lib\spring-core-5.3.20.jar -sourcepath C:\Users\Pronet\Desktop\InventorySystem\build\empty -target 1.8 -encoding UTF-8 -g -processorpath C:\Users\Pronet\Desktop\InventorySystem\lib\jcalendar-1.4.jar;C:\Users\Pronet\Desktop\InventorySystem\lib\commons-beanutils-1.9.4.jar;C:\Users\Pronet\Desktop\InventorySystem\lib\commons-collection
java_class_path (initial): C:\Program Files\Java\jdk1.8.0_111/lib/tools.jar;C:\Program Files\Java\jdk1.8.0_111/classes
Launcher Type: SUN_STANDARD

Environment Variables:
JAVA_HOME=C:\Program Files\Microsoft\jdk-11.0.18.10-hotspot
PATH=C:\ProgramData\Oracle\Java\javapath;C:\Program Files\Microsoft\jdk-11.0.18.10-hotspot\bin;C:\WINDOWS\system32;C:\WINDOWS;C:\WINDOWS\System32\Wbem;C:\WINDOWS\System32\WindowsPowerShell\v1.0\;C:\WINDOWS\System32\OpenSSH\;C:\Program Files\nodejs\;C:\ProgramData\chocolatey\bin;C:\Program Files\MySQL\MySQL Shell 8.0\bin\;C:\Users\Pronet\AppData\Local\Microsoft\WindowsApps;C:\Users\Pronet\AppData\Local\Programs\Microsoft VS Code\bin;C:\Users\Pronet\AppData\Roaming\npm;C:\Program Files\Microsoft\jdk-11.0.18.10-hotspot;C:\Users\Pronet\AppData\Local\Android\Sdk\platform-tools;
USERNAME=Pronet
OS=Windows_NT
PROCESSOR_IDENTIFIER=Intel64 Family 6 Model 78 Stepping 3, GenuineIntel



---------------  S Y S T E M  ---------------

OS: Windows 10.0 , 64 bit Build 19041 (10.0.19041.3155)

CPU:total 4 (2 cores per cpu, 2 threads per core) family 6 model 78 stepping 3, cmov, cx8, fxsr, mmx, sse, sse2, sse3, ssse3, sse4.1, sse4.2, popcnt, avx, avx2, aes, clmul, erms, 3dnowpref, lzcnt, ht, tsc, tscinvbit, bmi1, bmi2, adx

Memory: 4k page, physical 8282720k(701112k free), swap 22829164k(1688k free)

vm_info: Java HotSpot(TM) 64-Bit Server VM (25.111-b14) for windows-amd64 JRE (1.8.0_111-b14), built on Sep 22 2016 19:24:05 by "java_re" with MS VC++ 10.0 (VS2010)

time: Fri Aug 18 21:59:28 2023
elapsed time: 0 seconds (0d 0h 0m 0s)

